<?xml version="1.0" encoding="UTF-8"?>
<!-- Generated by org.testng.reporters.JUnitReportReporter -->
<testsuite hostname="DESKTOP-T6230QL" failures="0" tests="1" name="RestAssured.TrelloBoard" time="8.959" errors="0" timestamp="2024-02-05T15:48:17 IST" skipped="0">
  <testcase classname="RestAssured.TrelloBoard" name="CreateBoard" time="8.959"/>
  <system-out/>
</testsuite> <!-- RestAssured.TrelloBoard -->
